TN:
SF:src/mi_evento.ts
FN:8,<instance_members_initializer>
FN:11,MiEvento
FN:16,get Id
FN:20,get Data
FN:24,get Observers
FN:28,subscribe
FN:36,unsubscribe
FN:45,notify
FN:49,onOpen
FN:55,onClose
FNF:10
FNH:10
FNDA:7,<instance_members_initializer>
FNDA:7,MiEvento
FNDA:5,get Id
FNDA:5,get Data
FNDA:4,get Observers
FNDA:8,subscribe
FNDA:4,unsubscribe
FNDA:2,notify
FNDA:1,onOpen
FNDA:1,onClose
DA:1,1
DA:2,1
DA:3,1
DA:4,1
DA:5,1
DA:6,1
DA:7,1
DA:8,1
DA:9,7
DA:10,7
DA:11,7
DA:12,7
DA:13,7
DA:14,7
DA:15,7
DA:16,7
DA:17,5
DA:18,5
DA:19,7
DA:20,7
DA:21,5
DA:22,5
DA:23,7
DA:24,7
DA:25,4
DA:26,4
DA:27,7
DA:28,7
DA:29,8
DA:30,2
DA:31,8
DA:32,6
DA:33,6
DA:34,8
DA:35,7
DA:36,7
DA:37,4
DA:38,4
DA:39,2
DA:40,2
DA:41,2
DA:42,2
DA:43,4
DA:44,7
DA:45,7
DA:46,2
DA:47,2
DA:48,7
DA:49,7
DA:50,1
DA:51,1
DA:52,1
DA:53,1
DA:54,7
DA:55,7
DA:56,1
DA:57,1
DA:58,1
DA:59,1
DA:60,7
DA:61,7
LF:61
LH:61
BRDA:8,0,0,7
BRDA:11,1,0,7
BRDA:16,2,0,5
BRDA:20,3,0,5
BRDA:24,4,0,4
BRDA:28,5,0,8
BRDA:29,6,0,2
BRDA:31,7,0,6
BRDA:36,8,0,4
BRDA:38,9,0,2
BRDA:45,10,0,2
BRDA:46,11,0,4
BRDA:49,12,0,1
BRDA:55,13,0,1
BRF:14
BRH:14
end_of_record
TN:
SF:src/mi_evento_observer.ts
FN:11,<instance_members_initializer>
FN:13,MiEventoObserver
FN:18,get Id
FN:22,get Name
FN:26,update
FNF:5
FNH:5
FNDA:14,<instance_members_initializer>
FNDA:14,MiEventoObserver
FNDA:2,get Id
FNDA:6,get Name
FNDA:4,update
DA:1,1
DA:2,1
DA:3,1
DA:4,1
DA:5,1
DA:6,1
DA:7,1
DA:8,1
DA:9,1
DA:10,1
DA:11,1
DA:12,14
DA:13,14
DA:14,14
DA:15,14
DA:16,14
DA:17,14
DA:18,14
DA:19,2
DA:20,2
DA:21,14
DA:22,14
DA:23,6
DA:24,6
DA:25,14
DA:26,14
DA:27,4
DA:28,4
DA:29,2
DA:30,2
DA:31,2
DA:32,2
DA:33,4
DA:34,2
DA:35,2
DA:36,2
DA:37,2
DA:38,4
DA:39,4
DA:40,14
LF:40
LH:40
BRDA:6,0,0,1
BRDA:11,1,0,14
BRDA:13,2,0,14
BRDA:18,3,0,2
BRDA:22,4,0,6
BRDA:26,5,0,4
BRDA:28,6,0,2
BRDA:33,7,0,2
BRF:8
BRH:8
end_of_record
